This is pdfTeX, Version 3.14159265-2.6-1.40.19 (MiKTeX 2.9.6840 64-bit) (preloaded format=pdflatex 2018.10.31)  22 SEP 2021 09:52
entering extended mode
**./estimation_deck.tex
(estimation_deck.tex
LaTeX2e <2018-04-01> patch level 5
(C:\Users\aleach\AppData\Roaming\MiKTeX\2.9\tex\latex\beamer\beamer.cls
Document Class: beamer 2018/12/02 v3.55 A class for typesetting presentations

(C:\Users\aleach\AppData\Roaming\MiKTeX\2.9\tex\latex\beamer\beamerbasemodes.st
y (C:\Users\aleach\AppData\Roaming\MiKTeX\2.9\tex\latex\etoolbox\etoolbox.sty
Package: etoolbox 2018/08/19 v2.5f e-TeX tools for LaTeX (JAW)
\etb@tempcnta=\count80
)
\beamer@tempbox=\box26
\beamer@tempcount=\count81
\c@beamerpauses=\count82

(C:\Users\aleach\AppData\Roaming\MiKTeX\2.9\tex\latex\beamer\beamerbasedecode.s
ty
\beamer@slideinframe=\count83
\beamer@minimum=\count84
)
\beamer@commentbox=\box27
\beamer@modecount=\count85
) ("C:\Program Files\MiKTeX 2.9\tex\generic\oberdiek\ifpdf.sty"
Package: ifpdf 2018/09/07 v3.3 Provides the ifpdf switch
)
\headdp=\dimen102
\footheight=\dimen103
\sidebarheight=\dimen104
\beamer@tempdim=\dimen105
\beamer@finalheight=\dimen106
\beamer@animht=\dimen107
\beamer@animdp=\dimen108
\beamer@animwd=\dimen109
\beamer@leftmargin=\dimen110
\beamer@rightmargin=\dimen111
\beamer@leftsidebar=\dimen112
\beamer@rightsidebar=\dimen113
\beamer@boxsize=\dimen114
\beamer@vboxoffset=\dimen115
\beamer@descdefault=\dimen116
\beamer@descriptionwidth=\dimen117
\beamer@lastskip=\skip41
\beamer@areabox=\box28
\beamer@animcurrent=\box29
\beamer@animshowbox=\box30
\beamer@sectionbox=\box31
\beamer@logobox=\box32
\beamer@linebox=\box33
\beamer@sectioncount=\count86
\beamer@subsubsectionmax=\count87
\beamer@subsectionmax=\count88
\beamer@sectionmax=\count89
\beamer@totalheads=\count90
\beamer@headcounter=\count91
\beamer@partstartpage=\count92
\beamer@sectionstartpage=\count93
\beamer@subsectionstartpage=\count94
\beamer@animationtempa=\count95
\beamer@animationtempb=\count96
\beamer@xpos=\count97
\beamer@ypos=\count98
\beamer@ypos@offset=\count99
\beamer@showpartnumber=\count100
\beamer@currentsubsection=\count101
\beamer@coveringdepth=\count102
\beamer@sectionadjust=\count103
\beamer@tocsectionnumber=\count104

(C:\Users\aleach\AppData\Roaming\MiKTeX\2.9\tex\latex\beamer\beamerbaseoptions.
sty ("C:\Program Files\MiKTeX 2.9\tex\latex\graphics\keyval.sty"
Package: keyval 2014/10/28 v1.15 key=value parser (DPC)
\KV@toks@=\toks14
))
\beamer@paperwidth=\skip42
\beamer@paperheight=\skip43

("C:\Program Files\MiKTeX 2.9\tex\latex\geometry\geometry.sty"
Package: geometry 2018/04/16 v5.8 Page Geometry

("C:\Program Files\MiKTeX 2.9\tex\generic\oberdiek\ifvtex.sty"
Package: ifvtex 2016/05/16 v1.6 Detect VTeX and its facilities (HO)
Package ifvtex Info: VTeX not detected.
)
("C:\Program Files\MiKTeX 2.9\tex\generic\ifxetex\ifxetex.sty"
Package: ifxetex 2010/09/12 v0.6 Provides ifxetex conditional
)
\Gm@cnth=\count105
\Gm@cntv=\count106
\c@Gm@tempcnt=\count107
\Gm@bindingoffset=\dimen118
\Gm@wd@mp=\dimen119
\Gm@odd@mp=\dimen120
\Gm@even@mp=\dimen121
\Gm@layoutwidth=\dimen122
\Gm@layoutheight=\dimen123
\Gm@layouthoffset=\dimen124
\Gm@layoutvoffset=\dimen125
\Gm@dimlist=\toks15

("C:\Program Files\MiKTeX 2.9\tex\latex\geometry\geometry.cfg"))
("C:\Program Files\MiKTeX 2.9\tex\latex\base\size11.clo"
File: size11.clo 2014/09/29 v1.4h Standard LaTeX file (size option)
)
(C:\Users\aleach\AppData\Roaming\MiKTeX\2.9\tex\latex\pgf\basiclayer\pgfcore.st
y ("C:\Program Files\MiKTeX 2.9\tex\latex\graphics\graphicx.sty"
Package: graphicx 2017/06/01 v1.1a Enhanced LaTeX Graphics (DPC,SPQR)

("C:\Program Files\MiKTeX 2.9\tex\latex\graphics\graphics.sty"
Package: graphics 2017/06/25 v1.2c Standard LaTeX Graphics (DPC,SPQR)

("C:\Program Files\MiKTeX 2.9\tex\latex\graphics\trig.sty"
Package: trig 2016/01/03 v1.10 sin cos tan (DPC)
)
("C:\Program Files\MiKTeX 2.9\tex\latex\graphics-cfg\graphics.cfg"
File: graphics.cfg 2016/06/04 v1.11 sample graphics configuration
)
Package graphics Info: Driver file: pdftex.def on input line 99.

("C:\Program Files\MiKTeX 2.9\tex\latex\graphics-def\pdftex.def"
File: pdftex.def 2018/01/08 v1.0l Graphics/color driver for pdftex
))
\Gin@req@height=\dimen126
\Gin@req@width=\dimen127
)
(C:\Users\aleach\AppData\Roaming\MiKTeX\2.9\tex\latex\pgf\systemlayer\pgfsys.st
y
(C:\Users\aleach\AppData\Roaming\MiKTeX\2.9\tex\latex\pgf\utilities\pgfrcs.sty
(C:\Users\aleach\AppData\Roaming\MiKTeX\2.9\tex\generic\pgf\utilities\pgfutil-c
ommon.tex
\pgfutil@everybye=\toks16
\pgfutil@tempdima=\dimen128
\pgfutil@tempdimb=\dimen129

(C:\Users\aleach\AppData\Roaming\MiKTeX\2.9\tex\generic\pgf\utilities\pgfutil-c
ommon-lists.tex))
(C:\Users\aleach\AppData\Roaming\MiKTeX\2.9\tex\generic\pgf\utilities\pgfutil-l
atex.def
\pgfutil@abb=\box34
 (C:\Users\aleach\AppData\Roaming\MiKTeX\2.9\tex\latex\ms\everyshi.sty
Package: everyshi 2001/05/15 v3.00 EveryShipout Package (MS)
))
(C:\Users\aleach\AppData\Roaming\MiKTeX\2.9\tex\generic\pgf\utilities\pgfrcs.co
de.tex
(C:\Users\aleach\AppData\Roaming\MiKTeX\2.9\tex\generic\pgf\pgf.revision.tex)
Package: pgfrcs 2019/02/02 v3.1.1 (3.1.1)
))
(C:\Users\aleach\AppData\Roaming\MiKTeX\2.9\tex\generic\pgf\systemlayer\pgfsys.
code.tex
Package: pgfsys 2019/02/02 v3.1.1 (3.1.1)

(C:\Users\aleach\AppData\Roaming\MiKTeX\2.9\tex\generic\pgf\utilities\pgfkeys.c
ode.tex
\pgfkeys@pathtoks=\toks17
\pgfkeys@temptoks=\toks18

(C:\Users\aleach\AppData\Roaming\MiKTeX\2.9\tex\generic\pgf\utilities\pgfkeysfi
ltered.code.tex
\pgfkeys@tmptoks=\toks19
))
\pgf@x=\dimen130
\pgf@y=\dimen131
\pgf@xa=\dimen132
\pgf@ya=\dimen133
\pgf@xb=\dimen134
\pgf@yb=\dimen135
\pgf@xc=\dimen136
\pgf@yc=\dimen137
\w@pgf@writea=\write3
\r@pgf@reada=\read1
\c@pgf@counta=\count108
\c@pgf@countb=\count109
\c@pgf@countc=\count110
\c@pgf@countd=\count111
\t@pgf@toka=\toks20
\t@pgf@tokb=\toks21
\t@pgf@tokc=\toks22
\pgf@sys@id@count=\count112

(C:\Users\aleach\AppData\Roaming\MiKTeX\2.9\tex\generic\pgf\systemlayer\pgf.cfg
File: pgf.cfg 2019/02/02 v3.1.1 (3.1.1)
)
Driver file for pgf: pgfsys-pdftex.def

(C:\Users\aleach\AppData\Roaming\MiKTeX\2.9\tex\generic\pgf\systemlayer\pgfsys-
pdftex.def
File: pgfsys-pdftex.def 2019/02/02 v3.1.1 (3.1.1)

(C:\Users\aleach\AppData\Roaming\MiKTeX\2.9\tex\generic\pgf\systemlayer\pgfsys-
common-pdf.def
File: pgfsys-common-pdf.def 2019/02/02 v3.1.1 (3.1.1)
)))
(C:\Users\aleach\AppData\Roaming\MiKTeX\2.9\tex\generic\pgf\systemlayer\pgfsyss
oftpath.code.tex
File: pgfsyssoftpath.code.tex 2019/02/02 v3.1.1 (3.1.1)
\pgfsyssoftpath@smallbuffer@items=\count113
\pgfsyssoftpath@bigbuffer@items=\count114
)
(C:\Users\aleach\AppData\Roaming\MiKTeX\2.9\tex\generic\pgf\systemlayer\pgfsysp
rotocol.code.tex
File: pgfsysprotocol.code.tex 2019/02/02 v3.1.1 (3.1.1)
))
(C:\Users\aleach\AppData\Roaming\MiKTeX\2.9\tex\latex\xcolor\xcolor.sty
Package: xcolor 2016/05/11 v2.12 LaTeX color extensions (UK)

("C:\Program Files\MiKTeX 2.9\tex\latex\graphics-cfg\color.cfg"
File: color.cfg 2016/01/02 v1.6 sample color configuration
)
Package xcolor Info: Driver file: pdftex.def on input line 225.
Package xcolor Info: Model `cmy' substituted by `cmy0' on input line 1348.
Package xcolor Info: Model `hsb' substituted by `rgb' on input line 1352.
Package xcolor Info: Model `RGB' extended on input line 1364.
Package xcolor Info: Model `HTML' substituted by `rgb' on input line 1366.
Package xcolor Info: Model `Hsb' substituted by `hsb' on input line 1367.
Package xcolor Info: Model `tHsb' substituted by `hsb' on input line 1368.
Package xcolor Info: Model `HSB' substituted by `hsb' on input line 1369.
Package xcolor Info: Model `Gray' substituted by `gray' on input line 1370.
Package xcolor Info: Model `wave' substituted by `hsb' on input line 1371.
)
(C:\Users\aleach\AppData\Roaming\MiKTeX\2.9\tex\generic\pgf\basiclayer\pgfcore.
code.tex
Package: pgfcore 2019/02/02 v3.1.1 (3.1.1)

(C:\Users\aleach\AppData\Roaming\MiKTeX\2.9\tex\generic\pgf\math\pgfmath.code.t
ex
(C:\Users\aleach\AppData\Roaming\MiKTeX\2.9\tex\generic\pgf\math\pgfmathcalc.co
de.tex
(C:\Users\aleach\AppData\Roaming\MiKTeX\2.9\tex\generic\pgf\math\pgfmathutil.co
de.tex)
(C:\Users\aleach\AppData\Roaming\MiKTeX\2.9\tex\generic\pgf\math\pgfmathparser.
code.tex
\pgfmath@dimen=\dimen138
\pgfmath@count=\count115
\pgfmath@box=\box35
\pgfmath@toks=\toks23
\pgfmath@stack@operand=\toks24
\pgfmath@stack@operation=\toks25
)
(C:\Users\aleach\AppData\Roaming\MiKTeX\2.9\tex\generic\pgf\math\pgfmathfunctio
ns.code.tex
(C:\Users\aleach\AppData\Roaming\MiKTeX\2.9\tex\generic\pgf\math\pgfmathfunctio
ns.basic.code.tex)
(C:\Users\aleach\AppData\Roaming\MiKTeX\2.9\tex\generic\pgf\math\pgfmathfunctio
ns.trigonometric.code.tex)
(C:\Users\aleach\AppData\Roaming\MiKTeX\2.9\tex\generic\pgf\math\pgfmathfunctio
ns.random.code.tex)
(C:\Users\aleach\AppData\Roaming\MiKTeX\2.9\tex\generic\pgf\math\pgfmathfunctio
ns.comparison.code.tex)
(C:\Users\aleach\AppData\Roaming\MiKTeX\2.9\tex\generic\pgf\math\pgfmathfunctio
ns.base.code.tex)
(C:\Users\aleach\AppData\Roaming\MiKTeX\2.9\tex\generic\pgf\math\pgfmathfunctio
ns.round.code.tex)
(C:\Users\aleach\AppData\Roaming\MiKTeX\2.9\tex\generic\pgf\math\pgfmathfunctio
ns.misc.code.tex)
(C:\Users\aleach\AppData\Roaming\MiKTeX\2.9\tex\generic\pgf\math\pgfmathfunctio
ns.integerarithmetics.code.tex)))
(C:\Users\aleach\AppData\Roaming\MiKTeX\2.9\tex\generic\pgf\math\pgfmathfloat.c
ode.tex
\c@pgfmathroundto@lastzeros=\count116
))
(C:\Users\aleach\AppData\Roaming\MiKTeX\2.9\tex\generic\pgf\basiclayer\pgfcorep
oints.code.tex
File: pgfcorepoints.code.tex 2019/02/02 v3.1.1 (3.1.1)
\pgf@picminx=\dimen139
\pgf@picmaxx=\dimen140
\pgf@picminy=\dimen141
\pgf@picmaxy=\dimen142
\pgf@pathminx=\dimen143
\pgf@pathmaxx=\dimen144
\pgf@pathminy=\dimen145
\pgf@pathmaxy=\dimen146
\pgf@xx=\dimen147
\pgf@xy=\dimen148
\pgf@yx=\dimen149
\pgf@yy=\dimen150
\pgf@zx=\dimen151
\pgf@zy=\dimen152
)
(C:\Users\aleach\AppData\Roaming\MiKTeX\2.9\tex\generic\pgf\basiclayer\pgfcorep
athconstruct.code.tex
File: pgfcorepathconstruct.code.tex 2019/02/02 v3.1.1 (3.1.1)
\pgf@path@lastx=\dimen153
\pgf@path@lasty=\dimen154
)
(C:\Users\aleach\AppData\Roaming\MiKTeX\2.9\tex\generic\pgf\basiclayer\pgfcorep
athusage.code.tex
File: pgfcorepathusage.code.tex 2019/02/02 v3.1.1 (3.1.1)
\pgf@shorten@end@additional=\dimen155
\pgf@shorten@start@additional=\dimen156
)
(C:\Users\aleach\AppData\Roaming\MiKTeX\2.9\tex\generic\pgf\basiclayer\pgfcores
copes.code.tex
File: pgfcorescopes.code.tex 2019/02/02 v3.1.1 (3.1.1)
\pgfpic=\box36
\pgf@hbox=\box37
\pgf@layerbox@main=\box38
\pgf@picture@serial@count=\count117
)
(C:\Users\aleach\AppData\Roaming\MiKTeX\2.9\tex\generic\pgf\basiclayer\pgfcoreg
raphicstate.code.tex
File: pgfcoregraphicstate.code.tex 2019/02/02 v3.1.1 (3.1.1)
\pgflinewidth=\dimen157
)
(C:\Users\aleach\AppData\Roaming\MiKTeX\2.9\tex\generic\pgf\basiclayer\pgfcoret
ransformations.code.tex
File: pgfcoretransformations.code.tex 2019/02/02 v3.1.1 (3.1.1)
\pgf@pt@x=\dimen158
\pgf@pt@y=\dimen159
\pgf@pt@temp=\dimen160
)
(C:\Users\aleach\AppData\Roaming\MiKTeX\2.9\tex\generic\pgf\basiclayer\pgfcoreq
uick.code.tex
File: pgfcorequick.code.tex 2019/02/02 v3.1.1 (3.1.1)
)
(C:\Users\aleach\AppData\Roaming\MiKTeX\2.9\tex\generic\pgf\basiclayer\pgfcoreo
bjects.code.tex
File: pgfcoreobjects.code.tex 2019/02/02 v3.1.1 (3.1.1)
)
(C:\Users\aleach\AppData\Roaming\MiKTeX\2.9\tex\generic\pgf\basiclayer\pgfcorep
athprocessing.code.tex
File: pgfcorepathprocessing.code.tex 2019/02/02 v3.1.1 (3.1.1)
)
(C:\Users\aleach\AppData\Roaming\MiKTeX\2.9\tex\generic\pgf\basiclayer\pgfcorea
rrows.code.tex
File: pgfcorearrows.code.tex 2019/02/02 v3.1.1 (3.1.1)
\pgfarrowsep=\dimen161
)
(C:\Users\aleach\AppData\Roaming\MiKTeX\2.9\tex\generic\pgf\basiclayer\pgfcores
hade.code.tex
File: pgfcoreshade.code.tex 2019/02/02 v3.1.1 (3.1.1)
\pgf@max=\dimen162
\pgf@sys@shading@range@num=\count118
)
(C:\Users\aleach\AppData\Roaming\MiKTeX\2.9\tex\generic\pgf\basiclayer\pgfcorei
mage.code.tex
File: pgfcoreimage.code.tex 2019/02/02 v3.1.1 (3.1.1)

(C:\Users\aleach\AppData\Roaming\MiKTeX\2.9\tex\generic\pgf\basiclayer\pgfcoree
xternal.code.tex
File: pgfcoreexternal.code.tex 2019/02/02 v3.1.1 (3.1.1)
\pgfexternal@startupbox=\box39
))
(C:\Users\aleach\AppData\Roaming\MiKTeX\2.9\tex\generic\pgf\basiclayer\pgfcorel
ayers.code.tex
File: pgfcorelayers.code.tex 2019/02/02 v3.1.1 (3.1.1)
)
(C:\Users\aleach\AppData\Roaming\MiKTeX\2.9\tex\generic\pgf\basiclayer\pgfcoret
ransparency.code.tex
File: pgfcoretransparency.code.tex 2019/02/02 v3.1.1 (3.1.1)
)
(C:\Users\aleach\AppData\Roaming\MiKTeX\2.9\tex\generic\pgf\basiclayer\pgfcorep
atterns.code.tex
File: pgfcorepatterns.code.tex 2019/02/02 v3.1.1 (3.1.1)
)
(C:\Users\aleach\AppData\Roaming\MiKTeX\2.9\tex\generic\pgf\basiclayer\pgfcorer
df.code.tex
File: pgfcorerdf.code.tex 2019/02/02 v3.1.1 (3.1.1)
)))
(C:\Users\aleach\AppData\Roaming\MiKTeX\2.9\tex\latex\pgf\utilities\xxcolor.sty
Package: xxcolor 2003/10/24 ver 0.1
\XC@nummixins=\count119
\XC@countmixins=\count120
) ("C:\Program Files\MiKTeX 2.9\tex\generic\oberdiek\atbegshi.sty"
Package: atbegshi 2016/06/09 v1.18 At begin shipout hook (HO)

("C:\Program Files\MiKTeX 2.9\tex\generic\oberdiek\infwarerr.sty"
Package: infwarerr 2016/05/16 v1.4 Providing info/warning/error messages (HO)
)
("C:\Program Files\MiKTeX 2.9\tex\generic\oberdiek\ltxcmds.sty"
Package: ltxcmds 2016/05/16 v1.23 LaTeX kernel commands for general use (HO)
))
("C:\Program Files\MiKTeX 2.9\tex\latex\hyperref\hyperref.sty"
Package: hyperref 2018/09/30 v6.88a Hypertext links for LaTeX

("C:\Program Files\MiKTeX 2.9\tex\generic\oberdiek\hobsub-hyperref.sty"
Package: hobsub-hyperref 2016/05/16 v1.14 Bundle oberdiek, subset hyperref (HO)


("C:\Program Files\MiKTeX 2.9\tex\generic\oberdiek\hobsub-generic.sty"
Package: hobsub-generic 2016/05/16 v1.14 Bundle oberdiek, subset generic (HO)
Package: hobsub 2016/05/16 v1.14 Construct package bundles (HO)
Package hobsub Info: Skipping package `infwarerr' (already loaded).
Package hobsub Info: Skipping package `ltxcmds' (already loaded).
Package: ifluatex 2016/05/16 v1.4 Provides the ifluatex switch (HO)
Package ifluatex Info: LuaTeX not detected.
Package hobsub Info: Skipping package `ifvtex' (already loaded).
Package: intcalc 2016/05/16 v1.2 Expandable calculations with integers (HO)
Package hobsub Info: Skipping package `ifpdf' (already loaded).
Package: etexcmds 2016/05/16 v1.6 Avoid name clashes with e-TeX commands (HO)
Package etexcmds Info: Could not find \expanded.
(etexcmds)             That can mean that you are not using pdfTeX 1.50 or
(etexcmds)             that some package has redefined \expanded.
(etexcmds)             In the latter case, load this package earlier.
Package: kvsetkeys 2016/05/16 v1.17 Key value parser (HO)
Package: kvdefinekeys 2016/05/16 v1.4 Define keys (HO)
Package: pdftexcmds 2018/09/10 v0.29 Utility functions of pdfTeX for LuaTeX (HO
)
Package pdftexcmds Info: LuaTeX not detected.
Package pdftexcmds Info: \pdf@primitive is available.
Package pdftexcmds Info: \pdf@ifprimitive is available.
Package pdftexcmds Info: \pdfdraftmode found.
Package: pdfescape 2016/05/16 v1.14 Implements pdfTeX's escape features (HO)
Package: bigintcalc 2016/05/16 v1.4 Expandable calculations on big integers (HO
)
Package: bitset 2016/05/16 v1.2 Handle bit-vector datatype (HO)
Package: uniquecounter 2016/05/16 v1.3 Provide unlimited unique counter (HO)
)
Package hobsub Info: Skipping package `hobsub' (already loaded).
Package: letltxmacro 2016/05/16 v1.5 Let assignment for LaTeX macros (HO)
Package: hopatch 2016/05/16 v1.3 Wrapper for package hooks (HO)
Package: xcolor-patch 2016/05/16 xcolor patch
Package: atveryend 2016/05/16 v1.9 Hooks at the very end of document (HO)
Package hobsub Info: Skipping package `atbegshi' (already loaded).
Package: refcount 2016/05/16 v3.5 Data extraction from label references (HO)
Package: hycolor 2016/05/16 v1.8 Color options for hyperref/bookmark (HO)
)
("C:\Program Files\MiKTeX 2.9\tex\latex\oberdiek\auxhook.sty"
Package: auxhook 2016/05/16 v1.4 Hooks for auxiliary files (HO)
)
("C:\Program Files\MiKTeX 2.9\tex\latex\oberdiek\kvoptions.sty"
Package: kvoptions 2016/05/16 v3.12 Key value format for package options (HO)
)
\@linkdim=\dimen163
\Hy@linkcounter=\count121
\Hy@pagecounter=\count122

("C:\Program Files\MiKTeX 2.9\tex\latex\hyperref\pd1enc.def"
File: pd1enc.def 2018/09/30 v6.88a Hyperref: PDFDocEncoding definition (HO)
Now handling font encoding PD1 ...
... no UTF-8 mapping file for font encoding PD1
)
\Hy@SavedSpaceFactor=\count123

("C:\Program Files\MiKTeX 2.9\tex\latex\00miktex\hyperref.cfg"
File: hyperref.cfg 2002/06/06 v1.2 hyperref configuration of TeXLive
)
Package hyperref Info: Option `bookmarks' set `true' on input line 4409.
Package hyperref Info: Option `bookmarksopen' set `true' on input line 4409.
Package hyperref Info: Option `implicit' set `false' on input line 4409.
Package hyperref Info: Hyper figures OFF on input line 4535.
Package hyperref Info: Link nesting OFF on input line 4540.
Package hyperref Info: Hyper index ON on input line 4543.
Package hyperref Info: Plain pages OFF on input line 4550.
Package hyperref Info: Backreferencing OFF on input line 4555.
Package hyperref Info: Implicit mode OFF; no redefinition of LaTeX internals.
Package hyperref Info: Bookmarks ON on input line 4788.
\c@Hy@tempcnt=\count124

(C:\Users\aleach\AppData\Roaming\MiKTeX\2.9\tex\latex\url\url.sty
\Urlmuskip=\muskip10
Package: url 2013/09/16  ver 3.4  Verb mode for urls, etc.
)
LaTeX Info: Redefining \url on input line 5141.
\XeTeXLinkMargin=\dimen164
\Fld@menulength=\count125
\Field@Width=\dimen165
\Fld@charsize=\dimen166
Package hyperref Info: Hyper figures OFF on input line 6396.
Package hyperref Info: Link nesting OFF on input line 6401.
Package hyperref Info: Hyper index ON on input line 6404.
Package hyperref Info: backreferencing OFF on input line 6411.
Package hyperref Info: Link coloring OFF on input line 6416.
Package hyperref Info: Link coloring with OCG OFF on input line 6421.
Package hyperref Info: PDF/A mode OFF on input line 6426.
LaTeX Info: Redefining \ref on input line 6466.
LaTeX Info: Redefining \pageref on input line 6470.
\Hy@abspage=\count126


Package hyperref Message: Stopped early.

)
Package hyperref Info: Driver (autodetected): hpdftex.
 ("C:\Program Files\MiKTeX 2.9\tex\latex\hyperref\hpdftex.def"
File: hpdftex.def 2018/09/30 v6.88a Hyperref driver for pdfTeX
\Fld@listcount=\count127
\c@bookmark@seq@number=\count128

("C:\Program Files\MiKTeX 2.9\tex\latex\oberdiek\rerunfilecheck.sty"
Package: rerunfilecheck 2016/05/16 v1.8 Rerun checks for auxiliary files (HO)
Package uniquecounter Info: New unique counter `rerunfilecheck' on input line 2
82.
))
(C:\Users\aleach\AppData\Roaming\MiKTeX\2.9\tex\latex\beamer\beamerbaserequires
.sty
(C:\Users\aleach\AppData\Roaming\MiKTeX\2.9\tex\latex\beamer\beamerbasecompatib
ility.sty)
(C:\Users\aleach\AppData\Roaming\MiKTeX\2.9\tex\latex\beamer\beamerbasefont.sty
("C:\Program Files\MiKTeX 2.9\tex\latex\amsfonts\amssymb.sty"
Package: amssymb 2013/01/14 v3.01 AMS font symbols

("C:\Program Files\MiKTeX 2.9\tex\latex\amsfonts\amsfonts.sty"
Package: amsfonts 2013/01/14 v3.01 Basic AMSFonts support
\@emptytoks=\toks26
\symAMSa=\mathgroup4
\symAMSb=\mathgroup5
LaTeX Font Info:    Overwriting math alphabet `\mathfrak' in version `bold'
(Font)                  U/euf/m/n --> U/euf/b/n on input line 106.
))
(C:\Users\aleach\AppData\Roaming\MiKTeX\2.9\tex\latex\sansmathaccent\sansmathac
cent.sty
Package: sansmathaccent 2013/03/28

(C:\Users\aleach\AppData\Roaming\MiKTeX\2.9\tex\latex\filehook\filehook.sty
Package: filehook 2011/10/12 v0.5d Hooks for input files
)))
(C:\Users\aleach\AppData\Roaming\MiKTeX\2.9\tex\latex\beamer\beamerbasetranslat
or.sty
(C:\Users\aleach\AppData\Roaming\MiKTeX\2.9\tex\latex\translator\translator.sty
Package: translator 2018/01/04 v1.12 Easy translation of strings in LaTeX
))
(C:\Users\aleach\AppData\Roaming\MiKTeX\2.9\tex\latex\beamer\beamerbasemisc.sty
)
(C:\Users\aleach\AppData\Roaming\MiKTeX\2.9\tex\latex\beamer\beamerbasetwoscree
ns.sty)
(C:\Users\aleach\AppData\Roaming\MiKTeX\2.9\tex\latex\beamer\beamerbaseoverlay.
sty
\beamer@argscount=\count129
\beamer@lastskipcover=\skip44
\beamer@trivlistdepth=\count130
)
(C:\Users\aleach\AppData\Roaming\MiKTeX\2.9\tex\latex\beamer\beamerbasetitle.st
y)
(C:\Users\aleach\AppData\Roaming\MiKTeX\2.9\tex\latex\beamer\beamerbasesection.
sty
\c@lecture=\count131
\c@part=\count132
\c@section=\count133
\c@subsection=\count134
\c@subsubsection=\count135
)
(C:\Users\aleach\AppData\Roaming\MiKTeX\2.9\tex\latex\beamer\beamerbaseframe.st
y
\beamer@framebox=\box40
\beamer@frametitlebox=\box41
\beamer@zoombox=\box42
\beamer@zoomcount=\count136
\beamer@zoomframecount=\count137
\beamer@frametextheight=\dimen167
\c@subsectionslide=\count138
\beamer@frametopskip=\skip45
\beamer@framebottomskip=\skip46
\beamer@frametopskipautobreak=\skip47
\beamer@framebottomskipautobreak=\skip48
\beamer@envbody=\toks27
\framewidth=\dimen168
\c@framenumber=\count139
)
(C:\Users\aleach\AppData\Roaming\MiKTeX\2.9\tex\latex\beamer\beamerbaseverbatim
.sty
\beamer@verbatimfileout=\write4
)
(C:\Users\aleach\AppData\Roaming\MiKTeX\2.9\tex\latex\beamer\beamerbaseframesiz
e.sty
\beamer@splitbox=\box43
\beamer@autobreakcount=\count140
\beamer@autobreaklastheight=\dimen169
\beamer@frametitletoks=\toks28
\beamer@framesubtitletoks=\toks29
)
(C:\Users\aleach\AppData\Roaming\MiKTeX\2.9\tex\latex\beamer\beamerbaseframecom
ponents.sty
\beamer@footins=\box44
)
(C:\Users\aleach\AppData\Roaming\MiKTeX\2.9\tex\latex\beamer\beamerbasecolor.st
y)
(C:\Users\aleach\AppData\Roaming\MiKTeX\2.9\tex\latex\beamer\beamerbasenotes.st
y
\beamer@frameboxcopy=\box45
)
(C:\Users\aleach\AppData\Roaming\MiKTeX\2.9\tex\latex\beamer\beamerbasetoc.sty)

(C:\Users\aleach\AppData\Roaming\MiKTeX\2.9\tex\latex\beamer\beamerbasetemplate
s.sty
\beamer@sbttoks=\toks30

(C:\Users\aleach\AppData\Roaming\MiKTeX\2.9\tex\latex\beamer\beamerbaseauxtempl
ates.sty
(C:\Users\aleach\AppData\Roaming\MiKTeX\2.9\tex\latex\beamer\beamerbaseboxes.st
y
\bmb@box=\box46
\bmb@colorbox=\box47
\bmb@boxshadow=\box48
\bmb@boxshadowball=\box49
\bmb@boxshadowballlarge=\box50
\bmb@temp=\dimen170
\bmb@dima=\dimen171
\bmb@dimb=\dimen172
\bmb@prevheight=\dimen173
)
\beamer@blockheadheight=\dimen174
))
(C:\Users\aleach\AppData\Roaming\MiKTeX\2.9\tex\latex\beamer\beamerbaselocalstr
ucture.sty ("C:\Program Files\MiKTeX 2.9\tex\latex\tools\enumerate.sty"
Package: enumerate 2015/07/23 v3.00 enumerate extensions (DPC)
\@enLab=\toks31
)
\c@figure=\count141
\c@table=\count142
\abovecaptionskip=\skip49
\belowcaptionskip=\skip50
)
(C:\Users\aleach\AppData\Roaming\MiKTeX\2.9\tex\latex\beamer\beamerbasenavigati
on.sty
\beamer@section@min@dim=\dimen175
)
(C:\Users\aleach\AppData\Roaming\MiKTeX\2.9\tex\latex\beamer\beamerbasetheorems
.sty ("C:\Program Files\MiKTeX 2.9\tex\latex\amsmath\amsmath.sty"
Package: amsmath 2017/09/02 v2.17a AMS math features
\@mathmargin=\skip51

For additional information on amsmath, use the `?' option.
("C:\Program Files\MiKTeX 2.9\tex\latex\amsmath\amstext.sty"
Package: amstext 2000/06/29 v2.01 AMS text

("C:\Program Files\MiKTeX 2.9\tex\latex\amsmath\amsgen.sty"
File: amsgen.sty 1999/11/30 v2.0 generic functions
\@emptytoks=\toks32
\ex@=\dimen176
))
("C:\Program Files\MiKTeX 2.9\tex\latex\amsmath\amsbsy.sty"
Package: amsbsy 1999/11/29 v1.2d Bold Symbols
\pmbraise@=\dimen177
)
("C:\Program Files\MiKTeX 2.9\tex\latex\amsmath\amsopn.sty"
Package: amsopn 2016/03/08 v2.02 operator names
)
\inf@bad=\count143
LaTeX Info: Redefining \frac on input line 213.
\uproot@=\count144
\leftroot@=\count145
LaTeX Info: Redefining \overline on input line 375.
\classnum@=\count146
\DOTSCASE@=\count147
LaTeX Info: Redefining \ldots on input line 472.
LaTeX Info: Redefining \dots on input line 475.
LaTeX Info: Redefining \cdots on input line 596.
\Mathstrutbox@=\box51
\strutbox@=\box52
\big@size=\dimen178
LaTeX Font Info:    Redeclaring font encoding OML on input line 712.
LaTeX Font Info:    Redeclaring font encoding OMS on input line 713.
\macc@depth=\count148
\c@MaxMatrixCols=\count149
\dotsspace@=\muskip11
\c@parentequation=\count150
\dspbrk@lvl=\count151
\tag@help=\toks33
\row@=\count152
\column@=\count153
\maxfields@=\count154
\andhelp@=\toks34
\eqnshift@=\dimen179
\alignsep@=\dimen180
\tagshift@=\dimen181
\tagwidth@=\dimen182
\totwidth@=\dimen183
\lineht@=\dimen184
\@envbody=\toks35
\multlinegap=\skip52
\multlinetaggap=\skip53
\mathdisplay@stack=\toks36
LaTeX Info: Redefining \[ on input line 2817.
LaTeX Info: Redefining \] on input line 2818.
)
("C:\Program Files\MiKTeX 2.9\tex\latex\amscls\amsthm.sty"
Package: amsthm 2017/10/31 v2.20.4
\thm@style=\toks37
\thm@bodyfont=\toks38
\thm@headfont=\toks39
\thm@notefont=\toks40
\thm@headpunct=\toks41
\thm@preskip=\skip54
\thm@postskip=\skip55
\thm@headsep=\skip56
\dth@everypar=\toks42
)
\c@theorem=\count155
)
(C:\Users\aleach\AppData\Roaming\MiKTeX\2.9\tex\latex\beamer\beamerbasethemes.s
ty))
(C:\Users\aleach\AppData\Roaming\MiKTeX\2.9\tex\latex\beamer\beamerthemedefault
.sty
(C:\Users\aleach\AppData\Roaming\MiKTeX\2.9\tex\latex\beamer\beamerfontthemedef
ault.sty)
(C:\Users\aleach\AppData\Roaming\MiKTeX\2.9\tex\latex\beamer\beamercolorthemede
fault.sty)
(C:\Users\aleach\AppData\Roaming\MiKTeX\2.9\tex\latex\beamer\beamerinnerthemede
fault.sty
! I can't write on file `estimation_deck.pdf'.
Please type another file name for output: 
\beamer@dima=\dimen185
\beamer@dimb=\dimen186
)
(C:\Users\aleach\AppData\Roaming\MiKTeX\2.9\tex\latex\beamer\beamerouterthemede
fault.sty)))
(C:\Users\aleach\AppData\Roaming\MiKTeX\2.9\tex\latex\beamer\beamerthemeDarmsta
dt.sty
(C:\Users\aleach\AppData\Roaming\MiKTeX\2.9\tex\latex\beamer\beamerouterthemesm
oothbars.sty)
(C:\Users\aleach\AppData\Roaming\MiKTeX\2.9\tex\latex\beamer\beamerinnerthemero
unded.sty)
(C:\Users\aleach\AppData\Roaming\MiKTeX\2.9\tex\latex\beamer\beamercolorthemeor
chid.sty)
(C:\Users\aleach\AppData\Roaming\MiKTeX\2.9\tex\latex\beamer\beamercolorthemewh
ale.sty)) ("C:\Program Files\MiKTeX 2.9\tex\latex\lm\lmodern.sty"
Package: lmodern 2009/10/30 v1.6 Latin Modern Fonts
LaTeX Font Info:    Overwriting symbol font `operators' in version `normal'
(Font)                  OT1/cmr/m/n --> OT1/lmr/m/n on input line 22.
LaTeX Font Info:    Overwriting symbol font `letters' in version `normal'
(Font)                  OML/cmm/m/it --> OML/lmm/m/it on input line 23.
LaTeX Font Info:    Overwriting symbol font `symbols' in version `normal'
(Font)                  OMS/cmsy/m/n --> OMS/lmsy/m/n on input line 24.
LaTeX Font Info:    Overwriting symbol font `largesymbols' in version `normal'
(Font)                  OMX/cmex/m/n --> OMX/lmex/m/n on input line 25.
LaTeX Font Info:    Overwriting symbol font `operators' in version `bold'
(Font)                  OT1/cmr/bx/n --> OT1/lmr/bx/n on input line 26.
LaTeX Font Info:    Overwriting symbol font `letters' in version `bold'
(Font)                  OML/cmm/b/it --> OML/lmm/b/it on input line 27.
LaTeX Font Info:    Overwriting symbol font `symbols' in version `bold'
(Font)                  OMS/cmsy/b/n --> OMS/lmsy/b/n on input line 28.
LaTeX Font Info:    Overwriting symbol font `largesymbols' in version `bold'
(Font)                  OMX/cmex/m/n --> OMX/lmex/m/n on input line 29.
LaTeX Font Info:    Overwriting math alphabet `\mathbf' in version `normal'
(Font)                  OT1/cmr/bx/n --> OT1/lmr/bx/n on input line 31.
LaTeX Font Info:    Overwriting math alphabet `\mathsf' in version `normal'
(Font)                  OT1/cmss/m/n --> OT1/lmss/m/n on input line 32.
LaTeX Font Info:    Overwriting math alphabet `\mathit' in version `normal'
(Font)                  OT1/cmr/m/it --> OT1/lmr/m/it on input line 33.
LaTeX Font Info:    Overwriting math alphabet `\mathtt' in version `normal'
(Font)                  OT1/cmtt/m/n --> OT1/lmtt/m/n on input line 34.
LaTeX Font Info:    Overwriting math alphabet `\mathbf' in version `bold'
(Font)                  OT1/cmr/bx/n --> OT1/lmr/bx/n on input line 35.
LaTeX Font Info:    Overwriting math alphabet `\mathsf' in version `bold'
(Font)                  OT1/cmss/bx/n --> OT1/lmss/bx/n on input line 36.
LaTeX Font Info:    Overwriting math alphabet `\mathit' in version `bold'
(Font)                  OT1/cmr/bx/it --> OT1/lmr/bx/it on input line 37.
LaTeX Font Info:    Overwriting math alphabet `\mathtt' in version `bold'
(Font)                  OT1/cmtt/m/n --> OT1/lmtt/m/n on input line 38.
)
("C:\Program Files\MiKTeX 2.9\tex\latex\base\fixltx2e.sty"
Package: fixltx2e 2016/12/29 v2.1a fixes to LaTeX (obsolete)
Applying: [2015/01/01] Old fixltx2e package on input line 46.


Package fixltx2e Warning: fixltx2e is not required with releases after 2015
(fixltx2e)                All fixes are now in the LaTeX kernel.
(fixltx2e)                See the latexrelease package for details.

Already applied: [0000/00/00] Old fixltx2e package on input line 53.
) ("C:\Program Files\MiKTeX 2.9\tex\latex\base\fontenc.sty"
Package: fontenc 2017/04/05 v2.0i Standard LaTeX package

("C:\Program Files\MiKTeX 2.9\tex\latex\base\t1enc.def"
File: t1enc.def 2017/04/05 v2.0i Standard LaTeX file
LaTeX Font Info:    Redeclaring font encoding T1 on input line 48.
))
("C:\Program Files\MiKTeX 2.9\tex\latex\base\inputenc.sty"
Package: inputenc 2018/04/06 v1.3b Input encoding file
\inpenc@prehook=\toks43
\inpenc@posthook=\toks44
)
(C:\Users\aleach\AppData\Roaming\MiKTeX\2.9\tex\latex\upquote\upquote.sty
Package: upquote 2012/04/19 v1.3 upright-quote and grave-accent glyphs in verba
tim

("C:\Program Files\MiKTeX 2.9\tex\latex\base\textcomp.sty"
Package: textcomp 2017/04/05 v2.0i Standard LaTeX package
Package textcomp Info: Sub-encoding information:
(textcomp)               5 = only ISO-Adobe without \textcurrency
(textcomp)               4 = 5 + \texteuro
(textcomp)               3 = 4 + \textohm
(textcomp)               2 = 3 + \textestimated + \textcurrency
(textcomp)               1 = TS1 - \textcircled - \t
(textcomp)               0 = TS1 (full)
(textcomp)             Font families with sub-encoding setting implement
(textcomp)             only a restricted character set as indicated.
(textcomp)             Family '?' is the default used for unknown fonts.
(textcomp)             See the documentation for details.
Package textcomp Info: Setting ? sub-encoding to TS1/1 on input line 79.

("C:\Program Files\MiKTeX 2.9\tex\latex\base\ts1enc.def"
File: ts1enc.def 2001/06/05 v3.0e (jk/car/fm) Standard LaTeX file
Now handling font encoding TS1 ...
... processing UTF-8 mapping file for font encoding TS1

("C:\Program Files\MiKTeX 2.9\tex\latex\base\ts1enc.dfu"
File: ts1enc.dfu 2018/04/05 v1.2c UTF-8 support for inputenc
   defining Unicode char U+00A2 (decimal 162)
   defining Unicode char U+00A3 (decimal 163)
   defining Unicode char U+00A4 (decimal 164)
   defining Unicode char U+00A5 (decimal 165)
   defining Unicode char U+00A6 (decimal 166)
   defining Unicode char U+00A7 (decimal 167)
   defining Unicode char U+00A8 (decimal 168)
   defining Unicode char U+00A9 (decimal 169)
   defining Unicode char U+00AA (decimal 170)
   defining Unicode char U+00AC (decimal 172)
   defining Unicode char U+00AE (decimal 174)
   defining Unicode char U+00AF (decimal 175)
   defining Unicode char U+00B0 (decimal 176)
   defining Unicode char U+00B1 (decimal 177)
   defining Unicode char U+00B2 (decimal 178)
   defining Unicode char U+00B3 (decimal 179)
   defining Unicode char U+00B4 (decimal 180)
   defining Unicode char U+00B5 (decimal 181)
   defining Unicode char U+00B6 (decimal 182)
   defining Unicode char U+00B7 (decimal 183)
   defining Unicode char U+00B9 (decimal 185)
   defining Unicode char U+00BA (decimal 186)
   defining Unicode char U+00BC (decimal 188)
   defining Unicode char U+00BD (decimal 189)
   defining Unicode char U+00BE (decimal 190)
   defining Unicode char U+00D7 (decimal 215)
   defining Unicode char U+00F7 (decimal 247)
   defining Unicode char U+0192 (decimal 402)
   defining Unicode char U+02C7 (decimal 711)
   defining Unicode char U+02D8 (decimal 728)
   defining Unicode char U+02DD (decimal 733)
   defining Unicode char U+0E3F (decimal 3647)
   defining Unicode char U+2016 (decimal 8214)
   defining Unicode char U+2020 (decimal 8224)
   defining Unicode char U+2021 (decimal 8225)
   defining Unicode char U+2022 (decimal 8226)
   defining Unicode char U+2030 (decimal 8240)
   defining Unicode char U+2031 (decimal 8241)
   defining Unicode char U+203B (decimal 8251)
   defining Unicode char U+203D (decimal 8253)
   defining Unicode char U+2044 (decimal 8260)
   defining Unicode char U+204E (decimal 8270)
   defining Unicode char U+2052 (decimal 8274)
   defining Unicode char U+20A1 (decimal 8353)
   defining Unicode char U+20A4 (decimal 8356)
   defining Unicode char U+20A6 (decimal 8358)
   defining Unicode char U+20A9 (decimal 8361)
   defining Unicode char U+20AB (decimal 8363)
   defining Unicode char U+20AC (decimal 8364)
   defining Unicode char U+20B1 (decimal 8369)
   defining Unicode char U+2103 (decimal 8451)
   defining Unicode char U+2116 (decimal 8470)
   defining Unicode char U+2117 (decimal 8471)
   defining Unicode char U+211E (decimal 8478)
   defining Unicode char U+2120 (decimal 8480)
   defining Unicode char U+2122 (decimal 8482)
   defining Unicode char U+2126 (decimal 8486)
   defining Unicode char U+2127 (decimal 8487)
   defining Unicode char U+212E (decimal 8494)
   defining Unicode char U+2190 (decimal 8592)
   defining Unicode char U+2191 (decimal 8593)
   defining Unicode char U+2192 (decimal 8594)
   defining Unicode char U+2193 (decimal 8595)
   defining Unicode char U+2329 (decimal 9001)
   defining Unicode char U+232A (decimal 9002)
   defining Unicode char U+2422 (decimal 9250)
   defining Unicode char U+25E6 (decimal 9702)
   defining Unicode char U+25EF (decimal 9711)
   defining Unicode char U+266A (decimal 9834)
   defining Unicode char U+FEFF (decimal 65279)
))
LaTeX Info: Redefining \oldstylenums on input line 334.
Package textcomp Info: Setting cmr sub-encoding to TS1/0 on input line 349.
Package textcomp Info: Setting cmss sub-encoding to TS1/0 on input line 350.
Package textcomp Info: Setting cmtt sub-encoding to TS1/0 on input line 351.
Package textcomp Info: Setting cmvtt sub-encoding to TS1/0 on input line 352.
Package textcomp Info: Setting cmbr sub-encoding to TS1/0 on input line 353.
Package textcomp Info: Setting cmtl sub-encoding to TS1/0 on input line 354.
Package textcomp Info: Setting ccr sub-encoding to TS1/0 on input line 355.
Package textcomp Info: Setting ptm sub-encoding to TS1/4 on input line 356.
Package textcomp Info: Setting pcr sub-encoding to TS1/4 on input line 357.
Package textcomp Info: Setting phv sub-encoding to TS1/4 on input line 358.
Package textcomp Info: Setting ppl sub-encoding to TS1/3 on input line 359.
Package textcomp Info: Setting pag sub-encoding to TS1/4 on input line 360.
Package textcomp Info: Setting pbk sub-encoding to TS1/4 on input line 361.
Package textcomp Info: Setting pnc sub-encoding to TS1/4 on input line 362.
Package textcomp Info: Setting pzc sub-encoding to TS1/4 on input line 363.
Package textcomp Info: Setting bch sub-encoding to TS1/4 on input line 364.
Package textcomp Info: Setting put sub-encoding to TS1/5 on input line 365.
Package textcomp Info: Setting uag sub-encoding to TS1/5 on input line 366.
Package textcomp Info: Setting ugq sub-encoding to TS1/5 on input line 367.
Package textcomp Info: Setting ul8 sub-encoding to TS1/4 on input line 368.
Package textcomp Info: Setting ul9 sub-encoding to TS1/4 on input line 369.
Package textcomp Info: Setting augie sub-encoding to TS1/5 on input line 370.
Package textcomp Info: Setting dayrom sub-encoding to TS1/3 on input line 371.
Package textcomp Info: Setting dayroms sub-encoding to TS1/3 on input line 372.

Package textcomp Info: Setting pxr sub-encoding to TS1/0 on input line 373.
Package textcomp Info: Setting pxss sub-encoding to TS1/0 on input line 374.
Package textcomp Info: Setting pxtt sub-encoding to TS1/0 on input line 375.
Package textcomp Info: Setting txr sub-encoding to TS1/0 on input line 376.
Package textcomp Info: Setting txss sub-encoding to TS1/0 on input line 377.
Package textcomp Info: Setting txtt sub-encoding to TS1/0 on input line 378.
Package textcomp Info: Setting lmr sub-encoding to TS1/0 on input line 379.
Package textcomp Info: Setting lmdh sub-encoding to TS1/0 on input line 380.
Package textcomp Info: Setting lmss sub-encoding to TS1/0 on input line 381.
Package textcomp Info: Setting lmssq sub-encoding to TS1/0 on input line 382.
Package textcomp Info: Setting lmvtt sub-encoding to TS1/0 on input line 383.
Package textcomp Info: Setting lmtt sub-encoding to TS1/0 on input line 384.
Package textcomp Info: Setting qhv sub-encoding to TS1/0 on input line 385.
Package textcomp Info: Setting qag sub-encoding to TS1/0 on input line 386.
Package textcomp Info: Setting qbk sub-encoding to TS1/0 on input line 387.
Package textcomp Info: Setting qcr sub-encoding to TS1/0 on input line 388.
Package textcomp Info: Setting qcs sub-encoding to TS1/0 on input line 389.
Package textcomp Info: Setting qpl sub-encoding to TS1/0 on input line 390.
Package textcomp Info: Setting qtm sub-encoding to TS1/0 on input line 391.
Package textcomp Info: Setting qzc sub-encoding to TS1/0 on input line 392.
Package textcomp Info: Setting qhvc sub-encoding to TS1/0 on input line 393.
Package textcomp Info: Setting futs sub-encoding to TS1/4 on input line 394.
Package textcomp Info: Setting futx sub-encoding to TS1/4 on input line 395.
Package textcomp Info: Setting futj sub-encoding to TS1/4 on input line 396.
Package textcomp Info: Setting hlh sub-encoding to TS1/3 on input line 397.
Package textcomp Info: Setting hls sub-encoding to TS1/3 on input line 398.
Package textcomp Info: Setting hlst sub-encoding to TS1/3 on input line 399.
Package textcomp Info: Setting hlct sub-encoding to TS1/5 on input line 400.
Package textcomp Info: Setting hlx sub-encoding to TS1/5 on input line 401.
Package textcomp Info: Setting hlce sub-encoding to TS1/5 on input line 402.
Package textcomp Info: Setting hlcn sub-encoding to TS1/5 on input line 403.
Package textcomp Info: Setting hlcw sub-encoding to TS1/5 on input line 404.
Package textcomp Info: Setting hlcf sub-encoding to TS1/5 on input line 405.
Package textcomp Info: Setting pplx sub-encoding to TS1/3 on input line 406.
Package textcomp Info: Setting pplj sub-encoding to TS1/3 on input line 407.
Package textcomp Info: Setting ptmx sub-encoding to TS1/4 on input line 408.
Package textcomp Info: Setting ptmj sub-encoding to TS1/4 on input line 409.
))
(C:\Users\aleach\AppData\Roaming\MiKTeX\2.9\tex\latex\microtype\microtype.sty
Package: microtype 2021/03/14 v2.8c Micro-typographical refinements (RS)
\MT@toks=\toks45
\MT@count=\count156
LaTeX Info: Redefining \textls on input line 790.
\MT@outer@kern=\dimen187
LaTeX Info: Redefining \textmicrotypecontext on input line 1374.
\MT@listname@count=\count157

(C:\Users\aleach\AppData\Roaming\MiKTeX\2.9\tex\latex\microtype\microtype-pdfte
x.def
File: microtype-pdftex.def 2021/03/14 v2.8c Definitions specific to pdftex (RS)

LaTeX Info: Redefining \lsstyle on input line 915.
LaTeX Info: Redefining \lslig on input line 915.
\MT@outer@space=\skip57
)
Package microtype Info: Loading configuration file microtype.cfg.

(C:\Users\aleach\AppData\Roaming\MiKTeX\2.9\tex\latex\microtype\microtype.cfg
File: microtype.cfg 2021/03/14 v2.8c microtype main configuration file (RS)
)) ("C:\Program Files\MiKTeX 2.9\tex\latex\oberdiek\grffile.sty"
Package: grffile 2017/06/30 v1.18 Extended file name support for graphics (HO)
Package grffile Info: Option `multidot' is set to `true'.
Package grffile Info: Option `extendedchars' is set to `false'.
Package grffile Info: Option `space' is set to `true'.
Package grffile Info: \Gin@ii of package `graphicx' fixed on input line 494.
)
("C:\Program Files\MiKTeX 2.9\tex\latex\graphics\rotating.sty"
Package: rotating 2016/08/11 v2.16d rotated objects in LaTeX

("C:\Program Files\MiKTeX 2.9\tex\latex\base\ifthen.sty"
Package: ifthen 2014/09/29 v1.1c Standard LaTeX ifthen package (DPC)
)
\c@r@tfl@t=\count158
\rotFPtop=\skip58
\rotFPbot=\skip59
\rot@float@box=\box53
\rot@mess@toks=\toks46
)
(C:\Users\aleach\AppData\Roaming\MiKTeX\2.9\tex\latex\caption\caption.sty
Package: caption 2018/10/06 v3.3-154 Customizing captions (AR)

(C:\Users\aleach\AppData\Roaming\MiKTeX\2.9\tex\latex\caption\caption3.sty
Package: caption3 2018/09/12 v1.8c caption3 kernel (AR)
Package caption3 Info: TeX engine: e-TeX on input line 64.
\captionmargin=\dimen188
\captionmargin@=\dimen189
\captionwidth=\dimen190
\caption@tempdima=\dimen191
\caption@indent=\dimen192
\caption@parindent=\dimen193
\caption@hangindent=\dimen194
)
\c@caption@flags=\count159
\c@ContinuedFloat=\count160
Package caption Info: beamer document class.
Package caption Info: hyperref package is loaded.
Package caption Info: Hyperref support is turned off
(caption)             because hyperref has stopped early.
Package caption Info: rotating package is loaded.
)
(C:\Users\aleach\AppData\Roaming\MiKTeX\2.9\tex\latex\ulem\ulem.sty
\UL@box=\box54
\UL@hyphenbox=\box55
\UL@skip=\skip60
\UL@hook=\toks47
\UL@height=\dimen195
\UL@pe=\count161
\UL@pixel=\dimen196
\ULC@box=\box56
Package: ulem 2012/05/18
\ULdepth=\dimen197
)
(C:\Users\aleach\AppData\Roaming\MiKTeX\2.9\tex\latex\wasysym\wasysym.sty
Package: wasysym 2020/01/19 v2.4 Wasy-2 symbol support package
\symwasy=\mathgroup6
LaTeX Font Info:    Overwriting symbol font `wasy' in version `bold'
(Font)                  U/wasy/m/n --> U/wasy/b/n on input line 93.
)
(C:\Users\aleach\AppData\Roaming\MiKTeX\2.9\tex\latex\pgf\frontendlayer\tikz.st
y (C:\Users\aleach\AppData\Roaming\MiKTeX\2.9\tex\latex\pgf\basiclayer\pgf.sty
Package: pgf 2019/02/02 v3.1.1 (3.1.1)

(C:\Users\aleach\AppData\Roaming\MiKTeX\2.9\tex\generic\pgf\modules\pgfmodulesh
apes.code.tex
File: pgfmoduleshapes.code.tex 2019/02/02 v3.1.1 (3.1.1)
\pgfnodeparttextbox=\box57
)
(C:\Users\aleach\AppData\Roaming\MiKTeX\2.9\tex\generic\pgf\modules\pgfmodulepl
ot.code.tex
File: pgfmoduleplot.code.tex 2019/02/02 v3.1.1 (3.1.1)
)
(C:\Users\aleach\AppData\Roaming\MiKTeX\2.9\tex\latex\pgf\compatibility\pgfcomp
-version-0-65.sty
Package: pgfcomp-version-0-65 2019/02/02 v3.1.1 (3.1.1)
\pgf@nodesepstart=\dimen198
\pgf@nodesepend=\dimen199
)
(C:\Users\aleach\AppData\Roaming\MiKTeX\2.9\tex\latex\pgf\compatibility\pgfcomp
-version-1-18.sty
Package: pgfcomp-version-1-18 2019/02/02 v3.1.1 (3.1.1)
))
(C:\Users\aleach\AppData\Roaming\MiKTeX\2.9\tex\latex\pgf\utilities\pgffor.sty
(C:\Users\aleach\AppData\Roaming\MiKTeX\2.9\tex\latex\pgf\utilities\pgfkeys.sty

(C:\Users\aleach\AppData\Roaming\MiKTeX\2.9\tex\generic\pgf\utilities\pgfkeys.c
ode.tex))
(C:\Users\aleach\AppData\Roaming\MiKTeX\2.9\tex\latex\pgf\math\pgfmath.sty
(C:\Users\aleach\AppData\Roaming\MiKTeX\2.9\tex\generic\pgf\math\pgfmath.code.t
ex))
(C:\Users\aleach\AppData\Roaming\MiKTeX\2.9\tex\generic\pgf\utilities\pgffor.co
de.tex
Package: pgffor 2019/02/02 v3.1.1 (3.1.1)

(C:\Users\aleach\AppData\Roaming\MiKTeX\2.9\tex\generic\pgf\math\pgfmath.code.t
ex)
\pgffor@iter=\dimen256
\pgffor@skip=\dimen257
\pgffor@stack=\toks48
\pgffor@toks=\toks49
))
(C:\Users\aleach\AppData\Roaming\MiKTeX\2.9\tex\generic\pgf\frontendlayer\tikz\
tikz.code.tex
Package: tikz 2019/02/02 v3.1.1 (3.1.1)

(C:\Users\aleach\AppData\Roaming\MiKTeX\2.9\tex\generic\pgf\libraries\pgflibrar
yplothandlers.code.tex
File: pgflibraryplothandlers.code.tex 2019/02/02 v3.1.1 (3.1.1)
\pgf@plot@mark@count=\count162
\pgfplotmarksize=\dimen258
)
\tikz@lastx=\dimen259
\tikz@lasty=\dimen260
\tikz@lastxsaved=\dimen261
\tikz@lastysaved=\dimen262
\tikzleveldistance=\dimen263
\tikzsiblingdistance=\dimen264
\tikz@figbox=\box58
\tikz@figbox@bg=\box59
\tikz@tempbox=\box60
\tikz@tempbox@bg=\box61
\tikztreelevel=\count163
\tikznumberofchildren=\count164
\tikznumberofcurrentchild=\count165
\tikz@fig@count=\count166

(C:\Users\aleach\AppData\Roaming\MiKTeX\2.9\tex\generic\pgf\modules\pgfmodulema
trix.code.tex
File: pgfmodulematrix.code.tex 2019/02/02 v3.1.1 (3.1.1)
\pgfmatrixcurrentrow=\count167
\pgfmatrixcurrentcolumn=\count168
\pgf@matrix@numberofcolumns=\count169
)
\tikz@expandcount=\count170

(C:\Users\aleach\AppData\Roaming\MiKTeX\2.9\tex\generic\pgf\frontendlayer\tikz\
libraries\tikzlibrarytopaths.code.tex
File: tikzlibrarytopaths.code.tex 2019/02/02 v3.1.1 (3.1.1)
)))
(C:\Users\aleach\AppData\Roaming\MiKTeX\2.9\tex\latex\booktabs\booktabs.sty
Package: booktabs 2005/04/14 v1.61803 publication quality tables
\heavyrulewidth=\dimen265
\lightrulewidth=\dimen266
\cmidrulewidth=\dimen267
\belowrulesep=\dimen268
\belowbottomsep=\dimen269
\aboverulesep=\dimen270
\abovetopsep=\dimen271
\cmidrulesep=\dimen272
\cmidrulekern=\dimen273
\defaultaddspace=\dimen274
\@cmidla=\count171
\@cmidlb=\count172
\@aboverulesep=\dimen275
\@belowrulesep=\dimen276
\@thisruleclass=\count173
\@lastruleclass=\count174
\@thisrulewidth=\dimen277
)
(C:\Users\aleach\AppData\Roaming\MiKTeX\2.9\tex\latex\colortbl\colortbl.sty
Package: colortbl 2020/01/04 v1.0e Color table columns (DPC)

("C:\Program Files\MiKTeX 2.9\tex\latex\tools\array.sty"
Package: array 2018/04/30 v2.4h Tabular extension package (FMi)
\col@sep=\dimen278
\ar@mcellbox=\box62
\extrarowheight=\dimen279
\NC@list=\toks50
\extratabsurround=\skip61
\backup@length=\skip62
\ar@cellbox=\box63
)
\everycr=\toks51
\minrowclearance=\skip63
)
(C:\Users\aleach\AppData\Roaming\MiKTeX\2.9\tex\latex\threeparttable\threepartt
able.sty
Package: threeparttable 2003/06/13  v 3.0
\@tempboxb=\box64
) ("C:\Program Files\MiKTeX 2.9\tex\latex\tools\dcolumn.sty"
Package: dcolumn 2014/10/28 v1.06 decimal alignment package (DPC)
)
(estimation_deck.aux

LaTeX Warning: Label `' multiply defined.


LaTeX Warning: Label `' multiply defined.


LaTeX Warning: Label `' multiply defined.


LaTeX Warning: Label `' multiply defined.


LaTeX Warning: Label `' multiply defined.


LaTeX Warning: Label `' multiply defined.


LaTeX Warning: Label `' multiply defined.


LaTeX Warning: Label `' multiply defined.


LaTeX Warning: Label `' multiply defined.


LaTeX Warning: Label `' multiply defined.


LaTeX Warning: Label `' multiply defined.


LaTeX Warning: Label `' multiply defined.


LaTeX Warning: Label `' multiply defined.

)
\openout1 = `estimation_deck.aux'.

LaTeX Font Info:    Checking defaults for OML/cmm/m/it on input line 315.
LaTeX Font Info:    ... okay on input line 315.
LaTeX Font Info:    Checking defaults for T1/cmr/m/n on input line 315.
LaTeX Font Info:    ... okay on input line 315.
LaTeX Font Info:    Checking defaults for OT1/cmr/m/n on input line 315.
LaTeX Font Info:    ... okay on input line 315.
LaTeX Font Info:    Checking defaults for OMS/cmsy/m/n on input line 315.
LaTeX Font Info:    ... okay on input line 315.
LaTeX Font Info:    Checking defaults for OMX/cmex/m/n on input line 315.
LaTeX Font Info:    ... okay on input line 315.
LaTeX Font Info:    Checking defaults for U/cmr/m/n on input line 315.
LaTeX Font Info:    ... okay on input line 315.
LaTeX Font Info:    Checking defaults for PD1/pdf/m/n on input line 315.
LaTeX Font Info:    ... okay on input line 315.
LaTeX Font Info:    Checking defaults for TS1/cmr/m/n on input line 315.
LaTeX Font Info:    Try loading font information for TS1+cmr on input line 315.

 ("C:\Program Files\MiKTeX 2.9\tex\latex\base\ts1cmr.fd"
File: ts1cmr.fd 2014/09/29 v2.5h Standard LaTeX font definitions
)
LaTeX Font Info:    ... okay on input line 315.
LaTeX Font Info:    Try loading font information for T1+lmss on input line 315.


("C:\Program Files\MiKTeX 2.9\tex\latex\lm\t1lmss.fd"
File: t1lmss.fd 2009/10/30 v1.6 Font defs for Latin Modern
)
*geometry* driver: auto-detecting
*geometry* detected driver: pdftex
*geometry* verbose mode - [ preamble ] result:
* driver: pdftex
* paper: custom
* layout: <same size as paper>
* layoutoffset:(h,v)=(0.0pt,0.0pt)
* modes: includehead includefoot 
* h-part:(L,W,R)=(28.45274pt, 327.20671pt, 28.45274pt)
* v-part:(T,H,B)=(0.0pt, 256.0748pt, 0.0pt)
* \paperwidth=384.1122pt
* \paperheight=256.0748pt
* \textwidth=327.20671pt
* \textheight=227.62207pt
* \oddsidemargin=-43.81725pt
* \evensidemargin=-43.81725pt
* \topmargin=-72.26999pt
* \headheight=14.22636pt
* \headsep=0.0pt
* \topskip=11.0pt
* \footskip=14.22636pt
* \marginparwidth=4.0pt
* \marginparsep=10.0pt
* \columnsep=10.0pt
* \skip\footins=10.0pt plus 4.0pt minus 2.0pt
* \hoffset=0.0pt
* \voffset=0.0pt
* \mag=1000
* \@twocolumnfalse
* \@twosidefalse
* \@mparswitchfalse
* \@reversemarginfalse
* (1in=72.27pt=25.4mm, 1cm=28.453pt)


(C:\Users\aleach\AppData\Roaming\MiKTeX\2.9\tex\context\base\mkii\supp-pdf.mkii
[Loading MPS to PDF converter (version 2006.09.02).]
\scratchcounter=\count175
\scratchdimen=\dimen280
\scratchbox=\box65
\nofMPsegments=\count176
\nofMParguments=\count177
\everyMPshowfont=\toks52
\MPscratchCnt=\count178
\MPscratchDim=\dimen281
\MPnumerator=\count179
\makeMPintoPDFobject=\count180
\everyMPtoPDFconversion=\toks53
) ("C:\Program Files\MiKTeX 2.9\tex\latex\oberdiek\epstopdf-base.sty"
Package: epstopdf-base 2016/05/15 v2.6 Base part for package epstopdf

("C:\Program Files\MiKTeX 2.9\tex\latex\oberdiek\grfext.sty"
Package: grfext 2016/05/16 v1.2 Manage graphics extensions (HO)
)
Package epstopdf-base Info: Redefining graphics rule for `.eps' on input line 4
38.
Package grfext Info: Graphics extension search list:
(grfext)             [.pdf,.png,.jpg,.mps,.jpeg,.jbig2,.jb2,.PDF,.PNG,.JPG,.JPE
G,.JBIG2,.JB2,.eps]
(grfext)             \AppendGraphicsExtensions on input line 456.
)
ABD: EveryShipout initializing macros
\AtBeginShipoutBox=\box66
Package hyperref Info: Link coloring OFF on input line 315.

("C:\Program Files\MiKTeX 2.9\tex\latex\hyperref\nameref.sty"
Package: nameref 2016/05/21 v2.44 Cross-referencing by name of section

("C:\Program Files\MiKTeX 2.9\tex\generic\oberdiek\gettitlestring.sty"
Package: gettitlestring 2016/05/16 v1.5 Cleanup title references (HO)
)
\c@section@level=\count181
)
LaTeX Info: Redefining \ref on input line 315.
LaTeX Info: Redefining \pageref on input line 315.
LaTeX Info: Redefining \nameref on input line 315.

(estimation_deck.out) (estimation_deck.out)
\@outlinefile=\write5
\openout5 = `estimation_deck.out'.

LaTeX Font Info:    Overwriting symbol font `operators' in version `normal'
(Font)                  OT1/lmr/m/n --> OT1/cmss/m/n on input line 315.
LaTeX Font Info:    Overwriting symbol font `operators' in version `bold'
(Font)                  OT1/lmr/bx/n --> OT1/cmss/bx/n on input line 315.
LaTeX Font Info:    Overwriting symbol font `operators' in version `normal'
(Font)                  OT1/cmss/m/n --> OT1/lmss/m/n on input line 315.
LaTeX Font Info:    Overwriting symbol font `operators' in version `bold'
(Font)                  OT1/cmss/bx/n --> OT1/lmss/bx/n on input line 315.
\symnumbers=\mathgroup7
\sympureletters=\mathgroup8
LaTeX Font Info:    Overwriting math alphabet `\mathrm' in version `normal'
(Font)                  OT1/lmss/m/n --> T1/lmr/m/n on input line 315.
LaTeX Font Info:    Redeclaring math alphabet \mathbf on input line 315.
LaTeX Font Info:    Overwriting math alphabet `\mathbf' in version `normal'
(Font)                  OT1/lmr/bx/n --> T1/lmss/bx/n on input line 315.
LaTeX Font Info:    Overwriting math alphabet `\mathbf' in version `bold'
(Font)                  OT1/lmr/bx/n --> T1/lmss/bx/n on input line 315.
LaTeX Font Info:    Redeclaring math alphabet \mathsf on input line 315.
LaTeX Font Info:    Overwriting math alphabet `\mathsf' in version `normal'
(Font)                  OT1/lmss/m/n --> T1/lmss/m/n on input line 315.
LaTeX Font Info:    Overwriting math alphabet `\mathsf' in version `bold'
(Font)                  OT1/lmss/bx/n --> T1/lmss/m/n on input line 315.
LaTeX Font Info:    Redeclaring math alphabet \mathit on input line 315.
LaTeX Font Info:    Overwriting math alphabet `\mathit' in version `normal'
(Font)                  OT1/lmr/m/it --> T1/lmss/m/it on input line 315.
LaTeX Font Info:    Overwriting math alphabet `\mathit' in version `bold'
(Font)                  OT1/lmr/bx/it --> T1/lmss/m/it on input line 315.
LaTeX Font Info:    Redeclaring math alphabet \mathtt on input line 315.
LaTeX Font Info:    Overwriting math alphabet `\mathtt' in version `normal'
(Font)                  OT1/lmtt/m/n --> T1/lmtt/m/n on input line 315.
LaTeX Font Info:    Overwriting math alphabet `\mathtt' in version `bold'
(Font)                  OT1/lmtt/m/n --> T1/lmtt/m/n on input line 315.
LaTeX Font Info:    Overwriting symbol font `numbers' in version `bold'
(Font)                  T1/lmss/m/n --> T1/lmss/bx/n on input line 315.
LaTeX Font Info:    Overwriting symbol font `pureletters' in version `bold'
(Font)                  T1/lmss/m/it --> T1/lmss/bx/it on input line 315.
LaTeX Font Info:    Overwriting math alphabet `\mathrm' in version `bold'
(Font)                  OT1/lmss/bx/n --> T1/lmr/bx/n on input line 315.
LaTeX Font Info:    Overwriting math alphabet `\mathbf' in version `bold'
(Font)                  T1/lmss/bx/n --> T1/lmss/bx/n on input line 315.
LaTeX Font Info:    Overwriting math alphabet `\mathsf' in version `bold'
(Font)                  T1/lmss/m/n --> T1/lmss/bx/n on input line 315.
LaTeX Font Info:    Overwriting math alphabet `\mathit' in version `bold'
(Font)                  T1/lmss/m/it --> T1/lmss/bx/it on input line 315.
LaTeX Font Info:    Overwriting math alphabet `\mathtt' in version `bold'
(Font)                  T1/lmtt/m/n --> T1/lmtt/bx/n on input line 315.

(C:\Users\aleach\AppData\Roaming\MiKTeX\2.9\tex\latex\translator\translator-bas
ic-dictionary-English.dict
Dictionary: translator-basic-dictionary, Language: English 
)
(C:\Users\aleach\AppData\Roaming\MiKTeX\2.9\tex\latex\translator\translator-bib
liography-dictionary-English.dict
Dictionary: translator-bibliography-dictionary, Language: English 
)
(C:\Users\aleach\AppData\Roaming\MiKTeX\2.9\tex\latex\translator\translator-env
ironment-dictionary-English.dict
Dictionary: translator-environment-dictionary, Language: English 
)
(C:\Users\aleach\AppData\Roaming\MiKTeX\2.9\tex\latex\translator\translator-mon
ths-dictionary-English.dict
Dictionary: translator-months-dictionary, Language: English 
)
(C:\Users\aleach\AppData\Roaming\MiKTeX\2.9\tex\latex\translator\translator-num
bers-dictionary-English.dict
Dictionary: translator-numbers-dictionary, Language: English 
)
(C:\Users\aleach\AppData\Roaming\MiKTeX\2.9\tex\latex\translator\translator-the
orem-dictionary-English.dict
Dictionary: translator-theorem-dictionary, Language: English 
)
LaTeX Info: Redefining \microtypecontext on input line 315.
Package microtype Info: Generating PDF output.
Package microtype Info: Character protrusion enabled (level 2).
Package microtype Info: Using protrusion set `basicmath'.
Package microtype Info: Automatic font expansion enabled (level 2),
(microtype)             stretch: 20, shrink: 20, step: 1, non-selected.
Package microtype Info: Using default expansion set `alltext-nott'.
Package microtype Info: No adjustment of tracking.
Package microtype Info: No adjustment of interword spacing.
Package microtype Info: No adjustment of character kerning.
Package microtype Info: Loading generic protrusion settings for font family
(microtype)             `lmss' (encoding: T1).
(microtype)             For optimal results, create family-specific settings.
(microtype)             See the microtype manual for details.
Package caption Info: Begin \AtBeginDocument code.
Package caption Info: threeparttable package is loaded.
Package caption Info: End \AtBeginDocument code.
 (estimation_deck.nav)
<UA-ASB-COLOUR.png, id=28, 410.9754pt x 49.3845pt>
File: UA-ASB-COLOUR.png Graphic file (type png)
<use UA-ASB-COLOUR.png>
Package pdftex.def Info: UA-ASB-COLOUR.png  used on input line 327.
(pdftex.def)             Requested size: 134.44336pt x 16.15526pt.
LaTeX Font Info:    Try loading font information for T1+lmr on input line 327.

("C:\Program Files\MiKTeX 2.9\tex\latex\lm\t1lmr.fd"
File: t1lmr.fd 2009/10/30 v1.6 Font defs for Latin Modern
)

LaTeX Font Warning: Font shape `T1/lmss/m/sc' in size <14.4> not available
(Font)              Font shape `T1/lmr/m/sc' tried instead on input line 327.

(C:\Users\aleach\AppData\Roaming\MiKTeX\2.9\tex\latex\microtype\mt-cmr.cfg
File: mt-cmr.cfg 2013/05/19 v2.2 microtype config. file: Computer Modern Roman 
(RS)
)

LaTeX Font Warning: Font shape `T1/lmss/bx/sc' undefined
(Font)              using `T1/lmss/bx/n' instead on input line 327.

[1

{C:/Users/aleach/AppData/Local/MiKTeX/2.9/pdftex/config/pdftex.map} <./UA-ASB-C
OLOUR.png>]
\openout4 = `estimation_deck.vrb'.

 (estimation_deck.vrb
LaTeX Font Info:    Try loading font information for T1+lmtt on input line 3.

("C:\Program Files\MiKTeX 2.9\tex\latex\lm\t1lmtt.fd"
File: t1lmtt.fd 2009/10/30 v1.6 Font defs for Latin Modern
)
Overfull \hbox (40.71223pt too wide) in paragraph at lines 23--23
[]    \T1/lmtt/m/n/10.95 \item Using regression analysis to estimate market beh
aviour[] 
 []

)
Overfull \vbox (62.78064pt too high) detected at line 360
 []

File: UA-ASB-COLOUR.png Graphic file (type png)
<use UA-ASB-COLOUR.png>
Package pdftex.def Info: UA-ASB-COLOUR.png  used on input line 360.
(pdftex.def)             Requested size: 72.26666pt x 8.68385pt.
[2

]
\openout4 = `estimation_deck.vrb'.

 (estimation_deck.vrb
Overfull \hbox (443.12358pt too wide) in paragraph at lines 16--16
[]\T1/lmtt/m/n/10.95 \item Recall that the price elasticity of demand is the pe
rcentage change in quantity demanded for a given percentage change in price;[] 

 []


Overfull \hbox (621.33432pt too wide) in paragraph at lines 16--16
[]  \T1/lmtt/m/n/10.95 \epsilon=\frac{\text{percentage change in quantity deman
ded}}{\text{percentage change in price}}=\frac{\Delta Q/Q}{\Delta p/p}=\frac{\D
elta Q}{\Delta p}\frac{p}{Q}[] 
 []


Overfull \hbox (500.61092pt too wide) in paragraph at lines 16--16
[]    \T1/lmtt/m/n/10.95 \item The elasticity of supply is calculated similarly
 as the percentage change in quantity supplied for a given percentage change in
 price;[] 
 []


Overfull \hbox (0.4711pt too wide) in paragraph at lines 16--16
[]    \T1/lmtt/m/n/10.95 \item Hint: more \textit{elastic} is more responsive:[
] 
 []


Overfull \hbox (736.30899pt too wide) in paragraph at lines 16--16
[]\T1/lmtt/m/n/10.95 \small{\begin{itemize}\item \textit{inelastic} demand or s
upply means an elasticity less than one (i.e. the relative magnitude of the qua
ntity response is smaller than the price change)[] 
 []


Overfull \hbox (57.95844pt too wide) in paragraph at lines 16--16
[]\T1/lmtt/m/n/10.95 \item \textit{perfectly inelastic} demand has an elasticit
y of zero[] 
 []


Overfull \hbox (40.71223pt too wide) in paragraph at lines 16--16
[]\T1/lmtt/m/n/10.95 \item \textit{perfectly elastic} demand has undefined elas
ticity[] 
 []

)
File: UA-ASB-COLOUR.png Graphic file (type png)
<use UA-ASB-COLOUR.png>
Package pdftex.def Info: UA-ASB-COLOUR.png  used on input line 381.
(pdftex.def)             Requested size: 72.26666pt x 8.68385pt.
 [3

]
\openout4 = `estimation_deck.vrb'.

 (estimation_deck.vrb
LaTeX Font Info:    Try loading font information for OT1+lmss on input line 5.
 ("C:\Program Files\MiKTeX 2.9\tex\latex\lm\ot1lmss.fd"
File: ot1lmss.fd 2009/10/30 v1.6 Font defs for Latin Modern
)
Package microtype Info: Loading generic protrusion settings for font family
(microtype)             `lmss' (encoding: OT1).
(microtype)             For optimal results, create family-specific settings.
(microtype)             See the microtype manual for details.
LaTeX Font Info:    Try loading font information for OML+lmm on input line 5.
 ("C:\Program Files\MiKTeX 2.9\tex\latex\lm\omllmm.fd"
File: omllmm.fd 2009/10/30 v1.6 Font defs for Latin Modern
)
LaTeX Font Info:    Try loading font information for OMS+lmsy on input line 5.

("C:\Program Files\MiKTeX 2.9\tex\latex\lm\omslmsy.fd"
File: omslmsy.fd 2009/10/30 v1.6 Font defs for Latin Modern
)
LaTeX Font Info:    Try loading font information for OMX+lmex on input line 5.

("C:\Program Files\MiKTeX 2.9\tex\latex\lm\omxlmex.fd"
File: omxlmex.fd 2009/10/30 v1.6 Font defs for Latin Modern
)
LaTeX Font Info:    External font `lmex10' loaded for size
(Font)              <10.95> on input line 5.
LaTeX Font Info:    External font `lmex10' loaded for size
(Font)              <8> on input line 5.
LaTeX Font Info:    External font `lmex10' loaded for size
(Font)              <6> on input line 5.
LaTeX Font Info:    Try loading font information for U+msa on input line 5.

("C:\Program Files\MiKTeX 2.9\tex\latex\amsfonts\umsa.fd"
File: umsa.fd 2013/01/14 v3.01 AMS symbols A
)
(C:\Users\aleach\AppData\Roaming\MiKTeX\2.9\tex\latex\microtype\mt-msa.cfg
File: mt-msa.cfg 2006/02/04 v1.1 microtype config. file: AMS symbols (a) (RS)
)
LaTeX Font Info:    Try loading font information for U+msb on input line 5.

("C:\Program Files\MiKTeX 2.9\tex\latex\amsfonts\umsb.fd"
File: umsb.fd 2013/01/14 v3.01 AMS symbols B
)
(C:\Users\aleach\AppData\Roaming\MiKTeX\2.9\tex\latex\microtype\mt-msb.cfg
File: mt-msb.cfg 2005/06/01 v1.0 microtype config. file: AMS symbols (b) (RS)
)
LaTeX Font Info:    Try loading font information for U+wasy on input line 5.

(C:\Users\aleach\AppData\Roaming\MiKTeX\2.9\tex\latex\wasysym\uwasy.fd
File: uwasy.fd 2020/01/19 v2.4 Wasy-2 symbol font definitions
)
LaTeX Font Info:    Font shape `T1/lmss/m/it' in size <10.95> not available
(Font)              Font shape `T1/lmss/m/sl' tried instead on input line 5.
LaTeX Font Info:    Font shape `T1/lmss/m/it' in size <8> not available
(Font)              Font shape `T1/lmss/m/sl' tried instead on input line 5.
LaTeX Font Info:    Font shape `T1/lmss/m/it' in size <6> not available
(Font)              Font shape `T1/lmss/m/sl' tried instead on input line 5.

Overfull \hbox (34.9635pt too wide) in paragraph at lines 18--18
[]\T1/lmtt/m/n/10.95 \item Recall that the euqation of the line is gien by $Q=a
+bp$;[] 
 []


Overfull \hbox (230.42044pt too wide) in paragraph at lines 18--18
[]\T1/lmtt/m/n/10.95 \item We can use this in the elasticity formula, since we 
know that $\frac{\Delta Q}{\Delta p}=b$[] 
 []


Overfull \hbox (184.43057pt too wide) in paragraph at lines 18--18
[]\T1/lmtt/m/n/10.95 \item We therefore know that $\epsilon=\frac{\Delta Q}{\De
lta p}\frac{p}{Q}=b\frac{p}{Q}$[] 
 []

)
Overfull \vbox (14.32106pt too high) detected at line 413
 []

File: UA-ASB-COLOUR.png Graphic file (type png)
<use UA-ASB-COLOUR.png>
Package pdftex.def Info: UA-ASB-COLOUR.png  used on input line 413.
(pdftex.def)             Requested size: 72.26666pt x 8.68385pt.
[4

]
<estimation_deck_files/figure-beamer/demand_graph_1-1.pdf, id=66, 867.24pt x 50
5.89pt>
File: estimation_deck_files/figure-beamer/demand_graph_1-1.pdf Graphic file (ty
pe pdf)
<use estimation_deck_files/figure-beamer/demand_graph_1-1.pdf>
Package pdftex.def Info: estimation_deck_files/figure-beamer/demand_graph_1-1.p
df  used on input line 419.
(pdftex.def)             Requested size: 316.25546pt x 184.48235pt.
File: UA-ASB-COLOUR.png Graphic file (type png)
<use UA-ASB-COLOUR.png>
Package pdftex.def Info: UA-ASB-COLOUR.png  used on input line 419.
(pdftex.def)             Requested size: 72.26666pt x 8.68385pt.
 [5

 <./estimation_deck_files/figure-beamer/demand_graph_1-1.pdf>]
<estimation_deck_files/figure-beamer/demand_graph_2-1.pdf, id=79, 867.24pt x 50
5.89pt>
File: estimation_deck_files/figure-beamer/demand_graph_2-1.pdf Graphic file (ty
pe pdf)
<use estimation_deck_files/figure-beamer/demand_graph_2-1.pdf>
Package pdftex.def Info: estimation_deck_files/figure-beamer/demand_graph_2-1.p
df  used on input line 425.
(pdftex.def)             Requested size: 316.25546pt x 184.48235pt.
File: UA-ASB-COLOUR.png Graphic file (type png)
<use UA-ASB-COLOUR.png>
Package pdftex.def Info: UA-ASB-COLOUR.png  used on input line 425.
(pdftex.def)             Requested size: 72.26666pt x 8.68385pt.
 [6

 <./estimation_deck_files/figure-beamer/demand_graph_2-1.pdf>]
File: UA-ASB-COLOUR.png Graphic file (type png)
<use UA-ASB-COLOUR.png>
Package pdftex.def Info: UA-ASB-COLOUR.png  used on input line 454.
(pdftex.def)             Requested size: 72.26666pt x 8.68385pt.
 [7

]
File: UA-ASB-COLOUR.png Graphic file (type png)
<use UA-ASB-COLOUR.png>
Package pdftex.def Info: UA-ASB-COLOUR.png  used on input line 475.
(pdftex.def)             Requested size: 72.26666pt x 8.68385pt.
 [8

]
File: UA-ASB-COLOUR.png Graphic file (type png)
<use UA-ASB-COLOUR.png>
Package pdftex.def Info: UA-ASB-COLOUR.png  used on input line 481.
(pdftex.def)             Requested size: 72.26666pt x 8.68385pt.
 [9

]
File: UA-ASB-COLOUR.png Graphic file (type png)
<use UA-ASB-COLOUR.png>
Package pdftex.def Info: UA-ASB-COLOUR.png  used on input line 510.
(pdftex.def)             Requested size: 72.26666pt x 8.68385pt.
 [10

]
File: UA-ASB-COLOUR.png Graphic file (type png)
<use UA-ASB-COLOUR.png>
Package pdftex.def Info: UA-ASB-COLOUR.png  used on input line 539.
(pdftex.def)             Requested size: 72.26666pt x 8.68385pt.

[11

]
File: UA-ASB-COLOUR.png Graphic file (type png)
<use UA-ASB-COLOUR.png>
Package pdftex.def Info: UA-ASB-COLOUR.png  used on input line 555.
(pdftex.def)             Requested size: 72.26666pt x 8.68385pt.
 [12

]

Package hyperref Warning: Ignoring empty anchor on input line 593.

LaTeX Font Info:    External font `lmex10' loaded for size
(Font)              <5> on input line 593.
LaTeX Font Info:    Font shape `T1/lmss/m/it' in size <5> not available
(Font)              Font shape `T1/lmss/m/sl' tried instead on input line 593.
File: UA-ASB-COLOUR.png Graphic file (type png)
<use UA-ASB-COLOUR.png>
Package pdftex.def Info: UA-ASB-COLOUR.png  used on input line 593.
(pdftex.def)             Requested size: 72.26666pt x 8.68385pt.
[13

]

Package hyperref Warning: Ignoring empty anchor on input line 635.

File: UA-ASB-COLOUR.png Graphic file (type png)
<use UA-ASB-COLOUR.png>
Package pdftex.def Info: UA-ASB-COLOUR.png  used on input line 635.
(pdftex.def)             Requested size: 72.26666pt x 8.68385pt.
[14

]
<estimation_deck_files/figure-beamer/nhl_salary_graph-1.pdf, id=158, 867.24pt x
 505.89pt>
File: estimation_deck_files/figure-beamer/nhl_salary_graph-1.pdf Graphic file (
type pdf)
<use estimation_deck_files/figure-beamer/nhl_salary_graph-1.pdf>
Package pdftex.def Info: estimation_deck_files/figure-beamer/nhl_salary_graph-1
.pdf  used on input line 641.
(pdftex.def)             Requested size: 316.25546pt x 184.48235pt.
File: UA-ASB-COLOUR.png Graphic file (type png)
<use UA-ASB-COLOUR.png>
Package pdftex.def Info: UA-ASB-COLOUR.png  used on input line 641.
(pdftex.def)             Requested size: 72.26666pt x 8.68385pt.
 [15

 <./estimation_deck_files/figure-beamer/nhl_salary_graph-1.pdf>]
File: UA-ASB-COLOUR.png Graphic file (type png)
<use UA-ASB-COLOUR.png>
Package pdftex.def Info: UA-ASB-COLOUR.png  used on input line 672.
(pdftex.def)             Requested size: 72.26666pt x 8.68385pt.

[16

]
<estimation_deck_files/figure-beamer/nhl_residuals_graph-1.pdf, id=180, 867.24p
t x 505.89pt>
File: estimation_deck_files/figure-beamer/nhl_residuals_graph-1.pdf Graphic fil
e (type pdf)
<use estimation_deck_files/figure-beamer/nhl_residuals_graph-1.pdf>
Package pdftex.def Info: estimation_deck_files/figure-beamer/nhl_residuals_grap
h-1.pdf  used on input line 678.
(pdftex.def)             Requested size: 316.25546pt x 184.48235pt.
File: UA-ASB-COLOUR.png Graphic file (type png)
<use UA-ASB-COLOUR.png>
Package pdftex.def Info: UA-ASB-COLOUR.png  used on input line 678.
(pdftex.def)             Requested size: 72.26666pt x 8.68385pt.
 [17

 <./estimation_deck_files/figure-beamer/nhl_residuals_graph-1.pdf>]

Package hyperref Warning: Ignoring empty anchor on input line 707.

LaTeX Font Info:    External font `lmex10' loaded for size
(Font)              <10> on input line 707.
LaTeX Font Info:    External font `lmex10' loaded for size
(Font)              <7> on input line 707.
LaTeX Font Info:    Font shape `T1/lmss/m/it' in size <10> not available
(Font)              Font shape `T1/lmss/m/sl' tried instead on input line 707.
LaTeX Font Info:    Font shape `T1/lmss/m/it' in size <7> not available
(Font)              Font shape `T1/lmss/m/sl' tried instead on input line 707.
File: UA-ASB-COLOUR.png Graphic file (type png)
<use UA-ASB-COLOUR.png>
Package pdftex.def Info: UA-ASB-COLOUR.png  used on input line 707.
(pdftex.def)             Requested size: 72.26666pt x 8.68385pt.
[18

]
File: UA-ASB-COLOUR.png Graphic file (type png)
<use UA-ASB-COLOUR.png>
Package pdftex.def Info: UA-ASB-COLOUR.png  used on input line 723.
(pdftex.def)             Requested size: 72.26666pt x 8.68385pt.
 [19

]
File: UA-ASB-COLOUR.png Graphic file (type png)
<use UA-ASB-COLOUR.png>
Package pdftex.def Info: UA-ASB-COLOUR.png  used on input line 753.
(pdftex.def)             Requested size: 72.26666pt x 8.68385pt.
 [20

]

Package hyperref Warning: Ignoring empty anchor on input line 795.

File: UA-ASB-COLOUR.png Graphic file (type png)
<use UA-ASB-COLOUR.png>
Package pdftex.def Info: UA-ASB-COLOUR.png  used on input line 795.
(pdftex.def)             Requested size: 72.26666pt x 8.68385pt.
[21

]

Package hyperref Warning: Ignoring empty anchor on input line 824.

File: UA-ASB-COLOUR.png Graphic file (type png)
<use UA-ASB-COLOUR.png>
Package pdftex.def Info: UA-ASB-COLOUR.png  used on input line 824.
(pdftex.def)             Requested size: 72.26666pt x 8.68385pt.
[22

]
<estimation_deck_files/figure-beamer/nhl_residuals_graph_2-1.pdf, id=231, 867.2
4pt x 505.89pt>
File: estimation_deck_files/figure-beamer/nhl_residuals_graph_2-1.pdf Graphic f
ile (type pdf)
<use estimation_deck_files/figure-beamer/nhl_residuals_graph_2-1.pdf>
Package pdftex.def Info: estimation_deck_files/figure-beamer/nhl_residuals_grap
h_2-1.pdf  used on input line 830.
(pdftex.def)             Requested size: 316.25546pt x 184.48235pt.
File: UA-ASB-COLOUR.png Graphic file (type png)
<use UA-ASB-COLOUR.png>
Package pdftex.def Info: UA-ASB-COLOUR.png  used on input line 830.
(pdftex.def)             Requested size: 72.26666pt x 8.68385pt.
 [23

 <./estimation_deck_files/figure-beamer/nhl_residuals_graph_2-1.pdf>]

Package hyperref Warning: Ignoring empty anchor on input line 875.


Overfull \vbox (2.56984pt too high) detected at line 875
 []

File: UA-ASB-COLOUR.png Graphic file (type png)
<use UA-ASB-COLOUR.png>
Package pdftex.def Info: UA-ASB-COLOUR.png  used on input line 875.
(pdftex.def)             Requested size: 72.26666pt x 8.68385pt.
[24

]

Package hyperref Warning: Ignoring empty anchor on input line 919.

File: UA-ASB-COLOUR.png Graphic file (type png)
<use UA-ASB-COLOUR.png>
Package pdftex.def Info: UA-ASB-COLOUR.png  used on input line 919.
(pdftex.def)             Requested size: 72.26666pt x 8.68385pt.
[25

]
<estimation_deck_files/figure-beamer/nhl_residuals_graph_3-1.pdf, id=259, 867.2
4pt x 505.89pt>
File: estimation_deck_files/figure-beamer/nhl_residuals_graph_3-1.pdf Graphic f
ile (type pdf)
<use estimation_deck_files/figure-beamer/nhl_residuals_graph_3-1.pdf>
Package pdftex.def Info: estimation_deck_files/figure-beamer/nhl_residuals_grap
h_3-1.pdf  used on input line 926.
(pdftex.def)             Requested size: 316.25546pt x 184.48235pt.
File: UA-ASB-COLOUR.png Graphic file (type png)
<use UA-ASB-COLOUR.png>
Package pdftex.def Info: UA-ASB-COLOUR.png  used on input line 926.
(pdftex.def)             Requested size: 72.26666pt x 8.68385pt.
 [26

 <./estimation_deck_files/figure-beamer/nhl_residuals_graph_3-1.pdf>]

Package hyperref Warning: Ignoring empty anchor on input line 955.

File: UA-ASB-COLOUR.png Graphic file (type png)
<use UA-ASB-COLOUR.png>
Package pdftex.def Info: UA-ASB-COLOUR.png  used on input line 955.
(pdftex.def)             Requested size: 72.26666pt x 8.68385pt.
[27

]

Package hyperref Warning: Ignoring empty anchor on input line 1001.

File: UA-ASB-COLOUR.png Graphic file (type png)
<use UA-ASB-COLOUR.png>
Package pdftex.def Info: UA-ASB-COLOUR.png  used on input line 1001.
(pdftex.def)             Requested size: 72.26666pt x 8.68385pt.
[28

]

Package hyperref Warning: Ignoring empty anchor on input line 1044.

File: UA-ASB-COLOUR.png Graphic file (type png)
<use UA-ASB-COLOUR.png>
Package pdftex.def Info: UA-ASB-COLOUR.png  used on input line 1044.
(pdftex.def)             Requested size: 72.26666pt x 8.68385pt.
[29

]

Package hyperref Warning: Ignoring empty anchor on input line 1091.

File: UA-ASB-COLOUR.png Graphic file (type png)
<use UA-ASB-COLOUR.png>
Package pdftex.def Info: UA-ASB-COLOUR.png  used on input line 1091.
(pdftex.def)             Requested size: 72.26666pt x 8.68385pt.
[30

]

Package hyperref Warning: Ignoring empty anchor on input line 1133.

File: UA-ASB-COLOUR.png Graphic file (type png)
<use UA-ASB-COLOUR.png>
Package pdftex.def Info: UA-ASB-COLOUR.png  used on input line 1133.
(pdftex.def)             Requested size: 72.26666pt x 8.68385pt.
[31

]

Package hyperref Warning: Ignoring empty anchor on input line 1171.

File: UA-ASB-COLOUR.png Graphic file (type png)
<use UA-ASB-COLOUR.png>
Package pdftex.def Info: UA-ASB-COLOUR.png  used on input line 1171.
(pdftex.def)             Requested size: 72.26666pt x 8.68385pt.
[32

]

Package hyperref Warning: Ignoring empty anchor on input line 1212.

File: UA-ASB-COLOUR.png Graphic file (type png)
<use UA-ASB-COLOUR.png>
Package pdftex.def Info: UA-ASB-COLOUR.png  used on input line 1212.
(pdftex.def)             Requested size: 72.26666pt x 8.68385pt.
[33

]
File: UA-ASB-COLOUR.png Graphic file (type png)
<use UA-ASB-COLOUR.png>
Package pdftex.def Info: UA-ASB-COLOUR.png  used on input line 1238.
(pdftex.def)             Requested size: 72.26666pt x 8.68385pt.
 [34

]
<../images/Fig1.pdf, id=329, 867.24pt x 722.7pt>
File: ../images/Fig1.pdf Graphic file (type pdf)
<use ../images/Fig1.pdf>
Package pdftex.def Info: ../images/Fig1.pdf  used on input line 1248.
(pdftex.def)             Requested size: 221.37485pt x 184.47903pt.

Overfull \vbox (14.95071pt too high) detected at line 1248
 []

File: UA-ASB-COLOUR.png Graphic file (type png)
<use UA-ASB-COLOUR.png>
Package pdftex.def Info: UA-ASB-COLOUR.png  used on input line 1248.
(pdftex.def)             Requested size: 72.26666pt x 8.68385pt.
[35

 <../images/Fig1.pdf>]
<../images/covid_aeso_fuel.png, id=347, 1156.32pt x 650.43pt>
File: ../images/covid_aeso_fuel.png Graphic file (type png)
<use ../images/covid_aeso_fuel.png>
Package pdftex.def Info: ../images/covid_aeso_fuel.png  used on input line 1258
.
(pdftex.def)             Requested size: 327.20798pt x 184.05447pt.

Overfull \vbox (28.12616pt too high) detected at line 1258
 []

File: UA-ASB-COLOUR.png Graphic file (type png)
<use UA-ASB-COLOUR.png>
Package pdftex.def Info: UA-ASB-COLOUR.png  used on input line 1258.
(pdftex.def)             Requested size: 72.26666pt x 8.68385pt.
[36

 <../images/covid_aeso_fuel.png>]
<../images/Fig3.pdf, id=356, 722.7pt x 361.35pt>
File: ../images/Fig3.pdf Graphic file (type pdf)
<use ../images/Fig3.pdf>
Package pdftex.def Info: ../images/Fig3.pdf  used on input line 1268.
(pdftex.def)             Requested size: 327.20796pt x 163.60399pt.

Overfull \vbox (7.67567pt too high) detected at line 1268
 []

File: UA-ASB-COLOUR.png Graphic file (type png)
<use UA-ASB-COLOUR.png>
Package pdftex.def Info: UA-ASB-COLOUR.png  used on input line 1268.
(pdftex.def)             Requested size: 72.26666pt x 8.68385pt.
[37

 <../images/Fig3.pdf>]
\tf@nav=\write6
\openout6 = `estimation_deck.nav'.

\tf@toc=\write7
\openout7 = `estimation_deck.toc'.

\tf@snm=\write8
\openout8 = `estimation_deck.snm'.

Package atveryend Info: Empty hook `BeforeClearDocument' on input line 1274.
Package atveryend Info: Empty hook `AfterLastShipout' on input line 1274.
 (estimation_deck.aux)
Package atveryend Info: Executing hook `AtVeryEndDocument' on input line 1274.
Package atveryend Info: Executing hook `AtEndAfterFileList' on input line 1274.

Package rerunfilecheck Info: File `estimation_deck.out' has not changed.
(rerunfilecheck)             Checksum: D44BA591171B405DEEEF3CD990449C73;94.


LaTeX Font Warning: Some font shapes were not available, defaults substituted.


LaTeX Warning: There were multiply-defined labels.

 ) 
Here is how much of TeX's memory you used:
 24695 strings out of 492970
 478434 string characters out of 3135851
 575703 words of memory out of 3000000
 27786 multiletter control sequences out of 15000+200000
 88857 words of font info for 132 fonts, out of 3000000 for 9000
 1141 hyphenation exceptions out of 8191
 56i,17n,59p,804b,961s stack positions out of 5000i,500n,10000p,200000b,50000s
{C:/Program Files/MiKTeX 2.9/fonts/enc/dvips/lm/lm-mathsy.enc}{C:/Program Fil
es/MiKTeX 2.9/fonts/enc/dvips/lm/lm-mathit.enc}{C:/Program Files/MiKTeX 2.9/fon
ts/enc/dvips/lm/lm-rm.enc}{C:/Program Files/MiKTeX 2.9/fonts/enc/dvips/lm/lm-ec
.enc}<C:/Program Files/MiKTeX 2.9/fonts/type1/public/lm/lmmi10.pfb><C:/Program 
Files/MiKTeX 2.9/fonts/type1/public/lm/lmmi6.pfb><C:/Program Files/MiKTeX 2.9/f
onts/type1/public/lm/lmss10.pfb><C:/Program Files/MiKTeX 2.9/fonts/type1/public
/lm/lmss12.pfb><C:/Program Files/MiKTeX 2.9/fonts/type1/public/lm/lmss8.pfb><C:
/Program Files/MiKTeX 2.9/fonts/type1/public/lm/lmssbx10.pfb><C:/Program Files/
MiKTeX 2.9/fonts/type1/public/lm/lmsso10.pfb><C:/Program Files/MiKTeX 2.9/fonts
/type1/public/lm/lmsso8.pfb><C:/Program Files/MiKTeX 2.9/fonts/type1/public/lm/
lmsy10.pfb><C:/Program Files/MiKTeX 2.9/fonts/type1/public/lm/lmsy5.pfb><C:/Pro
gram Files/MiKTeX 2.9/fonts/type1/public/lm/lmsy6.pfb><C:/Program Files/MiKTeX 
2.9/fonts/type1/public/lm/lmsy8.pfb><C:/Program Files/MiKTeX 2.9/fonts/type1/pu
blic/lm/lmtt10.pfb>
Output written on .pdf (37 pages, 686746 bytes).
PDF statistics:
 439 PDF objects out of 1000 (max. 8388607)
 79 named destinations out of 1000 (max. 500000)
 51327 words of extra memory for PDF output out of 51595 (max. 10000000)

